<?xml version="1.0" encoding="UTF-8"?>
<!-- Generated by org.testng.reporters.JUnitReportReporter -->
<testsuite hostname="DESKTOP-I88GKEH" failures="0" tests="1" name="com.runner.TestRunner" time="161.345" errors="0" timestamp="2025-09-10T18:54:07 IST" skipped="0">
  <testcase classname="com.runner.TestRunner" name="runScenario" time="161.345"/>
</testsuite> <!-- com.runner.TestRunner -->
