<?xml version="1.0" encoding="UTF-8"?>
<!-- Generated by org.testng.reporters.JUnitReportReporter -->
<testsuite hostname="DESKTOP-I88GKEH" failures="0" tests="9" name="com.runner.TestRunner" time="637.350" errors="0" timestamp="2025-09-13T07:05:49 IST" skipped="0">
  <testcase classname="com.runner.TestRunner" name="runScenario" time="7.030"/>
  <testcase classname="com.runner.TestRunner" name="runScenario" time="53.791"/>
  <testcase classname="com.runner.TestRunner" name="runScenario" time="33.866"/>
  <testcase classname="com.runner.TestRunner" name="runScenario" time="195.408"/>
  <testcase classname="com.runner.TestRunner" name="runScenario" time="32.312"/>
  <testcase classname="com.runner.TestRunner" name="runScenario" time="81.386"/>
  <testcase classname="com.runner.TestRunner" name="runScenario" time="109.868"/>
  <testcase classname="com.runner.TestRunner" name="runScenario" time="83.064"/>
  <testcase classname="com.runner.TestRunner" name="runScenario" time="40.625"/>
</testsuite> <!-- com.runner.TestRunner -->
