<?xml version="1.0" encoding="UTF-8"?>
<!-- Generated by org.testng.reporters.JUnitReportReporter -->
<testsuite hostname="DESKTOP-I88GKEH" failures="0" tests="7" name="com.runner.TestRunner" time="392.547" errors="0" timestamp="2025-09-12T14:02:58 IST" skipped="0">
  <testcase classname="com.runner.TestRunner" name="runScenario" time="41.441"/>
  <testcase classname="com.runner.TestRunner" name="runScenario" time="163.142"/>
  <testcase classname="com.runner.TestRunner" name="runScenario" time="32.877"/>
  <testcase classname="com.runner.TestRunner" name="runScenario" time="28.004"/>
  <testcase classname="com.runner.TestRunner" name="runScenario" time="63.537"/>
  <testcase classname="com.runner.TestRunner" name="runScenario" time="8.142"/>
  <testcase classname="com.runner.TestRunner" name="runScenario" time="55.404"/>
</testsuite> <!-- com.runner.TestRunner -->
