<?xml version="1.0" encoding="UTF-8"?>
<!-- Generated by org.testng.reporters.JUnitReportReporter -->
<testsuite hostname="DESKTOP-I88GKEH" failures="0" tests="9" name="com.runner.TestRunner" time="653.473" errors="0" timestamp="2025-09-13T16:13:36 IST" skipped="0">
  <testcase classname="com.runner.TestRunner" name="runScenario" time="87.658"/>
  <testcase classname="com.runner.TestRunner" name="runScenario" time="41.120"/>
  <testcase classname="com.runner.TestRunner" name="runScenario" time="89.189"/>
  <testcase classname="com.runner.TestRunner" name="runScenario" time="198.741"/>
  <testcase classname="com.runner.TestRunner" name="runScenario" time="56.122"/>
  <testcase classname="com.runner.TestRunner" name="runScenario" time="32.654"/>
  <testcase classname="com.runner.TestRunner" name="runScenario" time="9.085"/>
  <testcase classname="com.runner.TestRunner" name="runScenario" time="43.094"/>
  <testcase classname="com.runner.TestRunner" name="runScenario" time="95.810"/>
</testsuite> <!-- com.runner.TestRunner -->
