<?xml version="1.0" encoding="UTF-8"?>
<!-- Generated by org.testng.reporters.JUnitReportReporter -->
<testsuite hostname="DESKTOP-I88GKEH" failures="0" tests="1" name="com.runner.TestRunner" time="42.464" errors="0" timestamp="2025-09-12T09:55:57 IST" skipped="0">
  <testcase classname="com.runner.TestRunner" name="runScenario" time="42.464"/>
</testsuite> <!-- com.runner.TestRunner -->
