<?xml version="1.0" encoding="UTF-8"?>
<!-- Generated by org.testng.reporters.JUnitReportReporter -->
<testsuite hostname="DESKTOP-I88GKEH" failures="0" tests="2" name="runner.TestRunner" time="10.119" errors="0" timestamp="2025-09-06T12:36:07 IST" skipped="0">
  <testcase classname="runner.TestRunner" name="runScenario" time="4.180"/>
  <testcase classname="runner.TestRunner" name="runScenario" time="5.939"/>
</testsuite> <!-- runner.TestRunner -->
