<?xml version="1.0" encoding="UTF-8"?>
<!-- Generated by org.testng.reporters.JUnitReportReporter -->
<testsuite hostname="DESKTOP-I88GKEH" failures="0" tests="1" name="com.runner.TestRunner" time="34.106" errors="0" timestamp="2025-09-10T22:25:09 IST" skipped="0">
  <testcase classname="com.runner.TestRunner" name="runScenario" time="34.106"/>
</testsuite> <!-- com.runner.TestRunner -->
