<?xml version="1.0" encoding="UTF-8"?>
<!-- Generated by org.testng.reporters.JUnitReportReporter -->
<testsuite hostname="DESKTOP-I88GKEH" failures="1" tests="1" name="com.runner.TestRunner" time="182.577" errors="0" timestamp="2025-09-10T09:57:46 IST" skipped="0">
  <testcase classname="com.runner.TestRunner" name="runScenario" time="182.577">
    <failure message="Expected search results to be displayed expected [true] but found [false]" type="java.lang.AssertionError">
      <![CDATA[java.lang.AssertionError: Expected search results to be displayed expected [true] but found [false]
at org.testng.Assert.fail(Assert.java:111)
at org.testng.Assert.failNotEquals(Assert.java:1590)
at org.testng.Assert.assertTrue(Assert.java:57)
at com.stepdefinitions.searchingdefinitions.search_results_should_be_displayed(searchingdefinitions.java:75)
at âœ½.search results should be displayed(file:///C:/Users/Dell/OneDrive/Documents/capgemini%20training/Ixigo_Project/src/test/resources/Features/search_flight.feature:13)
]]>
    </failure>
  </testcase> <!-- runScenario -->
</testsuite> <!-- com.runner.TestRunner -->
